#-----------------------------------------------------------
# Vivado v2017.4 (64-bit)
# SW Build 2086221 on Fri Dec 15 20:55:39 MST 2017
# IP Build 2085800 on Fri Dec 15 22:25:07 MST 2017
# Start of session at: Wed Feb 26 10:36:09 2020
# Process ID: 7272
# Current directory: D:/OneDrive/大三下学期/EE332_Lab/Camera
# Command line: vivado.exe -gui_launcher_event rodinguilauncherevent18464 D:\OneDrive\大三下学期\EE332_Lab\Camera\Camera.xpr
# Log file: D:/OneDrive/大三下学期/EE332_Lab/Camera/vivado.log
# Journal file: D:/OneDrive/大三下学期/EE332_Lab/Camera\vivado.jou
#-----------------------------------------------------------
start_gui
open_project D:/OneDrive/大三下学期/EE332_Lab/Camera/Camera.xpr
INFO: [Project 1-313] Project file moved from 'D:/OneDrive/EE332_Lab/Camera' since last save.
Scanning sources...
Finished scanning sources
INFO: [IP_Flow 19-234] Refreshing IP repositories
INFO: [IP_Flow 19-1704] No user IP repositories specified
INFO: [IP_Flow 19-2313] Loaded Vivado IP repository 'D:/Xilinx/Vivado/2017.4/data/ip'.
open_project: Time (s): cpu = 00:00:15 ; elapsed = 00:00:06 . Memory (MB): peak = 799.078 ; gain = 51.090
update_compile_order -fileset sources_1
exit
INFO: [Common 17-206] Exiting Vivado at Wed Feb 26 10:36:51 2020...
